<?xml version="1.0" encoding="UTF-8"?>
<testsuite name="common.SortingToolStage3Test" tests="1" skipped="0" failures="0" errors="0" timestamp="2025-04-29T02:46:32" hostname="DESKTOP-GSLME3N" time="0.403">
  <properties/>
  <testcase name="start" classname="common.SortingToolStage3Test" time="0.403"/>
  <system-out><![CDATA[?[1;31m
Start test 1?[0m
> 1 -2   33 4
> 42
> 1                 1
[INFO] Total numbers: 7
[INFO] The greatest number: 42 (1 time(s), 14%).
?[1;31m
Start test 2?[0m
> 1 2 2 3 4 5 5
[INFO] Total numbers: 7
[INFO] The greatest number: 5 (2 time(s), 29%).
?[1;31m
Start test 3?[0m
> 1 1 2 2 3 4 4 4
[INFO] Total numbers: 8
[INFO] The greatest number: 4 (3 time(s), 38%).
?[1;31m
Start test 4?[0m
> 1 -2   333 4
> 42
> 1                 1
[INFO] Total words: 7
[INFO] The longest word: 333 (1 time(s), 14%).
?[1;31m
Start test 5?[0m
> abcc de a
[INFO] Total words: 3
[INFO] The longest word: abcc (1 time(s), 33%).
?[1;31m
Start test 6?[0m
> 1 -2   333 4
> 42
> 1                 1
[INFO] Total lines: 3
[INFO] The longest line:
1                 1
[INFO] (1 time(s), 33%).
?[1;31m
Start test 7?[0m
> 1111
> 22222
> 3
> 44
[INFO] Total lines: 4
[INFO] The longest line:
22222
[INFO] (1 time(s), 25%).
?[1;31m
Start test 8?[0m
> 1 -2   333 4
> 42
> 1                 1
[INFO] Total numbers: 7.
[INFO] Sorted data: -2 1 1 1 4 42 333
?[1;31m
Start test 9?[0m
> 1 -2   333 4
> 42
> 1                 1
[INFO] Total numbers: 7.
[INFO] Sorted data: -2 1 1 1 4 42 333
?[1;31m
Start test 10?[0m
> 1111
> 22222
> 3
> 44
[INFO] Total numbers: 4.
[INFO] Sorted data: 3 44 1111 22222
]]></system-out>
  <system-err><![CDATA[]]></system-err>
</testsuite>
